[    0.000000] Initializing cgroup subsys cpuset
[    0.000000] Initializing cgroup subsys cpu
[    0.000000] Initializing cgroup subsys cpuacct
[    0.000000] Linux version 4.4.0-194-generic (buildd@lcy01-amd64-020) (gcc version 5.4.0 20160609 (Ubuntu 5.4.0-6ubuntu1~16.04.12) ) #226-Ubuntu SMP Wed Oct 21 10:19:36 UTC 2020 (Ubuntu 4.4.0-194.226-generic 4.4.236)
[    0.000000] Command line: BOOT_IMAGE=/boot/vmlinuz-4.4.0-194-generic root=LABEL=cloudimg-rootfs ro console=tty1 console=ttyS0
[    0.000000] KERNEL supported cpus:
[    0.000000]   Intel GenuineIntel
[    0.000000]   AMD AuthenticAMD
[    0.000000]   Centaur CentaurHauls
[    0.000000] x86/fpu: xstate_offset[2]:  576, xstate_sizes[2]:  256
[    0.000000] x86/fpu: Supporting XSAVE feature 0x01: 'x87 floating point registers'
[    0.000000] x86/fpu: Supporting XSAVE feature 0x02: 'SSE registers'
[    0.000000] x86/fpu: Supporting XSAVE feature 0x04: 'AVX registers'
[    0.000000] x86/fpu: Enabled xstate features 0x7, context size is 832 bytes, using 'standard' format.
[    0.000000] e820: BIOS-provided physical RAM map:
[    0.000000] BIOS-e820: [mem 0x0000000000000000-0x000000000009fbff] usable
[    0.000000] BIOS-e820: [mem 0x000000000009fc00-0x000000000009ffff] reserved
[    0.000000] BIOS-e820: [mem 0x00000000000f0000-0x00000000000fffff] reserved
[    0.000000] BIOS-e820: [mem 0x0000000000100000-0x000000003ffeffff] usable
[    0.000000] BIOS-e820: [mem 0x000000003fff0000-0x000000003fffffff] ACPI data
[    0.000000] BIOS-e820: [mem 0x00000000fec00000-0x00000000fec00fff] reserved
[    0.000000] BIOS-e820: [mem 0x00000000fee00000-0x00000000fee00fff] reserved
[    0.000000] BIOS-e820: [mem 0x00000000fffc0000-0x00000000ffffffff] reserved
[    0.000000] NX (Execute Disable) protection: active
[    0.000000] SMBIOS 2.5 present.
[    0.000000] Hypervisor detected: KVM
[    0.000000] e820: last_pfn = 0x3fff0 max_arch_pfn = 0x400000000
[    0.000000] MTRR: Disabled
[    0.000000] x86/PAT: MTRRs disabled, skipping PAT initialization too.
[    0.000000] CPU MTRRs all blank - virtualized system.
[    0.000000] x86/PAT: Configuration [0-7]: WB  WT  UC- UC  WB  WT  UC- UC  
[    0.000000] found SMP MP-table at [mem 0x0009fff0-0x0009ffff] mapped at [ffff88000009fff0]
[    0.000000] Scanning 1 areas for low memory corruption
[    0.000000] RAMDISK: [mem 0x362e0000-0x37167fff]
[    0.000000] ACPI: Early table checksum verification disabled
[    0.000000] ACPI: RSDP 0x00000000000E0000 000024 (v02 VBOX  )
[    0.000000] ACPI: XSDT 0x000000003FFF0030 00003C (v01 VBOX   VBOXXSDT 00000001 ASL  00000061)
[    0.000000] ACPI: FACP 0x000000003FFF00F0 0000F4 (v04 VBOX   VBOXFACP 00000001 ASL  00000061)
[    0.000000] ACPI: DSDT 0x000000003FFF0470 002325 (v02 VBOX   VBOXBIOS 00000002 INTL 20190509)
[    0.000000] ACPI: FACS 0x000000003FFF0200 000040
[    0.000000] ACPI: FACS 0x000000003FFF0200 000040
[    0.000000] ACPI: APIC 0x000000003FFF0240 00005C (v02 VBOX   VBOXAPIC 00000001 ASL  00000061)
[    0.000000] ACPI: SSDT 0x000000003FFF02A0 0001CC (v01 VBOX   VBOXCPUT 00000002 INTL 20190509)
[    0.000000] No NUMA configuration found
[    0.000000] Faking a node at [mem 0x0000000000000000-0x000000003ffeffff]
[    0.000000] NODE_DATA(0) allocated [mem 0x3ffeb000-0x3ffeffff]
[    0.000000] kvm-clock: Using msrs 4b564d01 and 4b564d00
[    0.000000] kvm-clock: cpu 0, msr 0:3ffe3001, primary cpu clock
[    0.000000] kvm-clock: using sched offset of 3901789851 cycles
[    0.000000] clocksource: kvm-clock: mask: 0xffffffffffffffff max_cycles: 0x1cd42e4dffb, max_idle_ns: 881590591483 ns
[    0.000000] Zone ranges:
[    0.000000]   DMA      [mem 0x0000000000001000-0x0000000000ffffff]
[    0.000000]   DMA32    [mem 0x0000000001000000-0x000000003ffeffff]
[    0.000000]   Normal   empty
[    0.000000]   Device   empty
[    0.000000] Movable zone start for each node
[    0.000000] Early memory node ranges
[    0.000000]   node   0: [mem 0x0000000000001000-0x000000000009efff]
[    0.000000]   node   0: [mem 0x0000000000100000-0x000000003ffeffff]
[    0.000000] Initmem setup node 0 [mem 0x0000000000001000-0x000000003ffeffff]
[    0.000000] ACPI: PM-Timer IO Port: 0x4008
[    0.000000] IOAPIC[0]: apic_id 2, version 32, address 0xfec00000, GSI 0-23
[    0.000000] ACPI: INT_SRC_OVR (bus 0 bus_irq 0 global_irq 2 dfl dfl)
[    0.000000] ACPI: INT_SRC_OVR (bus 0 bus_irq 9 global_irq 9 low level)
[    0.000000] Using ACPI (MADT) for SMP configuration information
[    0.000000] smpboot: Allowing 2 CPUs, 0 hotplug CPUs
[    0.000000] PM: Registered nosave memory: [mem 0x00000000-0x00000fff]
[    0.000000] PM: Registered nosave memory: [mem 0x0009f000-0x0009ffff]
[    0.000000] PM: Registered nosave memory: [mem 0x000a0000-0x000effff]
[    0.000000] PM: Registered nosave memory: [mem 0x000f0000-0x000fffff]
[    0.000000] e820: [mem 0x40000000-0xfebfffff] available for PCI devices
[    0.000000] Booting paravirtualized kernel on KVM
[    0.000000] clocksource: refined-jiffies: mask: 0xffffffff max_cycles: 0xffffffff, max_idle_ns: 7645519600211568 ns
[    0.000000] setup_percpu: NR_CPUS:512 nr_cpumask_bits:512 nr_cpu_ids:2 nr_node_ids:1
[    0.000000] PERCPU: Embedded 33 pages/cpu @ffff88003fc00000 s95512 r8192 d31464 u1048576
[    0.000000] Built 1 zonelists in Node order, mobility grouping on.  Total pages: 257912
[    0.000000] Policy zone: DMA32
[    0.000000] Kernel command line: BOOT_IMAGE=/boot/vmlinuz-4.4.0-194-generic root=LABEL=cloudimg-rootfs ro console=tty1 console=ttyS0
[    0.000000] PID hash table entries: 4096 (order: 3, 32768 bytes)
[    0.000000] Memory: 997664K/1048120K available (8640K kernel code, 1337K rwdata, 4040K rodata, 1492K init, 1296K bss, 50456K reserved, 0K cma-reserved)
[    0.000000] SLUB: HWalign=64, Order=0-3, MinObjects=0, CPUs=2, Nodes=1
[    0.000000] Kernel/User page tables isolation: enabled
[    0.000000] Hierarchical RCU implementation.
[    0.000000] 	Build-time adjustment of leaf fanout to 64.
[    0.000000] 	RCU restricting CPUs from NR_CPUS=512 to nr_cpu_ids=2.
[    0.000000] RCU: Adjusting geometry for rcu_fanout_leaf=64, nr_cpu_ids=2
[    0.000000] NR_IRQS:33024 nr_irqs:440 16
[    0.000000] Console: colour VGA+ 80x25
[    0.000000] console [tty1] enabled
[    0.000000] console [ttyS0] enabled
[    0.000000] tsc: Detected 2195.014 MHz processor
[    0.215876] Calibrating delay loop (skipped) preset value.. 4390.02 BogoMIPS (lpj=8780056)
[    0.218353] pid_max: default: 32768 minimum: 301
[    0.219661] ACPI: Core revision 20150930
[    0.222089] ACPI: 2 ACPI AML tables successfully acquired and loaded
[    0.224024] Security Framework initialized
[    0.225185] Yama: becoming mindful.
[    0.226255] AppArmor: AppArmor initialized
[    0.227500] Dentry cache hash table entries: 131072 (order: 8, 1048576 bytes)
[    0.230541] Inode-cache hash table entries: 65536 (order: 7, 524288 bytes)
[    0.232482] Mount-cache hash table entries: 2048 (order: 2, 16384 bytes)
[    0.234160] Mountpoint-cache hash table entries: 2048 (order: 2, 16384 bytes)
[    0.236163] Initializing cgroup subsys io
[    0.237316] Initializing cgroup subsys memory
[    0.238519] Initializing cgroup subsys devices
[    0.239791] Initializing cgroup subsys freezer
[    0.241034] Initializing cgroup subsys net_cls
[    0.242252] Initializing cgroup subsys perf_event
[    0.243572] Initializing cgroup subsys net_prio
[    0.244818] Initializing cgroup subsys hugetlb
[    0.246037] Initializing cgroup subsys pids
[    0.247356] mce: CPU supports 0 MCE banks
[    0.248542] Last level iTLB entries: 4KB 512, 2MB 8, 4MB 8
[    0.249962] Last level dTLB entries: 4KB 512, 2MB 32, 4MB 32, 1GB 0
[    0.251584] Spectre V1 : Mitigation: usercopy/swapgs barriers and __user pointer sanitization
[    0.253874] Spectre V2 : Mitigation: Full generic retpoline
[    0.255347] Spectre V2 : Spectre v2 / SpectreRSB mitigation: Filling RSB on context switch
[    0.257582] Speculative Store Bypass: Vulnerable
[    0.258976] MDS: Mitigation: Clear CPU buffers
[    0.264383] Freeing SMP alternatives memory: 36K
[    0.274881] ftrace: allocating 32346 entries in 127 pages
[    0.366799] smpboot: APIC(0) Converting physical 0 to logical package 0
[    0.368609] smpboot: Max logical packages: 1
[    0.370220] x2apic enabled
[    0.371437] Switched APIC routing to physical x2apic.
[    0.374326] ..TIMER: vector=0x30 apic1=0 pin1=2 apic2=-1 pin2=-1
[    0.484059] smpboot: CPU0: Intel(R) Core(TM) i3-2328M CPU @ 2.20GHz (family: 0x6, model: 0x2a, stepping: 0x7)
[    0.487033] Performance Events: unsupported p6 CPU model 42 no PMU driver, software events only.
[    0.505884] KVM setup paravirtual spinlock
[    0.508038] x86: Booting SMP configuration:
[    0.509321] .... node  #0, CPUs:      #1
[    0.510697] kvm-clock: cpu 1, msr 0:3ffe3041, secondary cpu clock
[    0.512392] mce: CPU supports 0 MCE banks
[    0.515443] x86: Booted up 1 node, 2 CPUs
[    0.516959] smpboot: Total of 2 processors activated (8780.05 BogoMIPS)
[    0.519450] devtmpfs: initialized
[    0.522786] evm: security.selinux
[    0.523873] evm: security.SMACK64
[    0.524928] evm: security.SMACK64EXEC
[    0.525995] evm: security.SMACK64TRANSMUTE
[    0.527144] evm: security.SMACK64MMAP
[    0.528254] evm: security.ima
[    0.529284] evm: security.capability
[    0.530708] clocksource: jiffies: mask: 0xffffffff max_cycles: 0xffffffff, max_idle_ns: 7645041785100000 ns
[    0.533501] futex hash table entries: 512 (order: 3, 32768 bytes)
[    0.535232] pinctrl core: initialized pinctrl subsystem
[    0.536976] RTC time: 14:05:02, date: 11/28/20
[    0.538422] NET: Registered protocol family 16
[    0.549044] cpuidle: using governor ladder
[    0.560668] cpuidle: using governor menu
[    0.563078] PCCT header not found.
[    0.565603] ACPI: bus type PCI registered
[    0.568799] acpiphp: ACPI Hot Plug PCI Controller Driver version: 0.5
[    0.572668] PCI: Using configuration type 1 for base access
[    0.587013] ACPI: Added _OSI(Module Device)
[    0.588267] ACPI: Added _OSI(Processor Device)
[    0.590093] ACPI: Added _OSI(3.0 _SCP Extensions)
[    0.592075] ACPI: Added _OSI(Processor Aggregator Device)
[    0.595863] ACPI: Executed 1 blocks of module-level executable AML code
[    0.602146] ACPI: Interpreter enabled
[    0.603272] ACPI: (supports S0 S5)
[    0.604354] ACPI: Using IOAPIC for interrupt routing
[    0.605924] PCI: Using host bridge windows from ACPI; if necessary, use "pci=nocrs" and report a bug
[    0.613377] ACPI: PCI Root Bridge [PCI0] (domain 0000 [bus 00-ff])
[    0.614990] acpi PNP0A03:00: _OSC: OS supports [ASPM ClockPM Segments MSI]
[    0.617327] acpi PNP0A03:00: _OSC: not requesting OS control; OS requires [ExtendedConfig ASPM ClockPM MSI]
[    0.619943] acpi PNP0A03:00: fail to add MMCONFIG information, can't access extended PCI configuration space under this bridge.
[    0.623401] PCI host bridge to bus 0000:00
[    0.624613] pci_bus 0000:00: root bus resource [io  0x0000-0x0cf7 window]
[    0.626352] pci_bus 0000:00: root bus resource [io  0x0d00-0xffff window]
[    0.628065] pci_bus 0000:00: root bus resource [mem 0x000a0000-0x000bffff window]
[    0.630244] pci_bus 0000:00: root bus resource [mem 0x40000000-0xfdffffff window]
[    0.632358] pci_bus 0000:00: root bus resource [bus 00-ff]
[    0.636245] pci 0000:00:01.1: legacy IDE quirk: reg 0x10: [io  0x01f0-0x01f7]
[    0.638115] pci 0000:00:01.1: legacy IDE quirk: reg 0x14: [io  0x03f6]
[    0.639856] pci 0000:00:01.1: legacy IDE quirk: reg 0x18: [io  0x0170-0x0177]
[    0.641737] pci 0000:00:01.1: legacy IDE quirk: reg 0x1c: [io  0x0376]
[    0.686540] pci 0000:00:07.0: quirk: [io  0x4000-0x403f] claimed by PIIX4 ACPI
[    0.690225] pci 0000:00:07.0: quirk: [io  0x4100-0x410f] claimed by PIIX4 SMB
[    0.715379] ACPI: PCI Interrupt Link [LNKA] (IRQs 5 9 10 *11)
[    0.720780] ACPI: PCI Interrupt Link [LNKB] (IRQs 5 9 *10 11)
[    0.724490] ACPI: PCI Interrupt Link [LNKC] (IRQs 5 *9 10 11)
[    0.728498] ACPI: PCI Interrupt Link [LNKD] (IRQs 5 9 10 *11)
[    0.732006] ACPI: Enabled 2 GPEs in block 00 to 07
[    0.735012] vgaarb: setting as boot device: PCI:0000:00:02.0
[    0.737424] vgaarb: device added: PCI:0000:00:02.0,decodes=io+mem,owns=io+mem,locks=none
[    0.741080] vgaarb: loaded
[    0.742532] vgaarb: bridge control possible 0000:00:02.0
[    0.745407] SCSI subsystem initialized
[    0.747056] ACPI: bus type USB registered
[    0.748470] usbcore: registered new interface driver usbfs
[    0.750906] usbcore: registered new interface driver hub
[    0.753183] usbcore: registered new device driver usb
[    0.755728] PCI: Using ACPI for IRQ routing
[    0.759316] NetLabel: Initializing
[    0.760872] NetLabel:  domain hash size = 128
[    0.762727] NetLabel:  protocols = UNLABELED CIPSOv4
[    0.764785] NetLabel:  unlabeled traffic allowed by default
[    0.767290] amd_nb: Cannot enumerate AMD northbridges
[    0.769851] clocksource: Switched to clocksource kvm-clock
[    0.785207] AppArmor: AppArmor Filesystem Enabled
[    0.787464] pnp: PnP ACPI init
[    0.790634] pnp: PnP ACPI: found 3 devices
[    0.808062] clocksource: acpi_pm: mask: 0xffffff max_cycles: 0xffffff, max_idle_ns: 2085701024 ns
[    0.811871] NET: Registered protocol family 2
[    0.813942] TCP established hash table entries: 8192 (order: 4, 65536 bytes)
[    0.816589] TCP bind hash table entries: 8192 (order: 5, 131072 bytes)
[    0.819059] TCP: Hash tables configured (established 8192 bind 8192)
[    0.821366] UDP hash table entries: 512 (order: 2, 16384 bytes)
[    0.823827] UDP-Lite hash table entries: 512 (order: 2, 16384 bytes)
[    0.826406] NET: Registered protocol family 1
[    0.828479] pci 0000:00:00.0: Limiting direct PCI/PCI transfers
[    0.830855] pci 0000:00:01.0: Activating ISA DMA hang workarounds
[    0.833446] Unpacking initramfs...
[    1.144163] Freeing initrd memory: 14880K
[    1.145711] RAPL PMU detected, API unit is 2^-32 Joules, 3 fixed counters 10737418240 ms ovfl timer
[    1.148197] hw unit of domain pp0-core 2^-0 Joules
[    1.149566] hw unit of domain package 2^-0 Joules
[    1.151111] hw unit of domain pp1-gpu 2^-0 Joules
[    1.152435] clocksource: tsc: mask: 0xffffffffffffffff max_cycles: 0x1fa3ccad8e3, max_idle_ns: 440795237152 ns
[    1.155167] platform rtc_cmos: registered platform RTC device (no PNP device found)
[    1.157393] Scanning for low memory corruption every 60 seconds
[    1.159810] audit: initializing netlink subsys (disabled)
[    1.161356] audit: type=2000 audit(1606572308.083:1): initialized
[    1.163400] Initialise system trusted keyring
[    1.164925] HugeTLB registered 2 MB page size, pre-allocated 0 pages
[    1.168469] zbud: loaded
[    1.169825] VFS: Disk quotas dquot_6.6.0
[    1.171058] VFS: Dquot-cache hash table entries: 512 (order 0, 4096 bytes)
[    1.173147] squashfs: version 4.0 (2009/01/31) Phillip Lougher
[    1.175295] fuse init (API version 7.23)
[    1.176608] Key type big_key registered
[    1.177807] Allocating IMA MOK and blacklist keyrings.
[    1.182149] Key type asymmetric registered
[    1.183321] Asymmetric key parser 'x509' registered
[    1.184686] Block layer SCSI generic (bsg) driver version 0.4 loaded (major 249)
[    1.186919] io scheduler noop registered
[    1.188065] io scheduler deadline registered (default)
[    1.189529] io scheduler cfq registered
[    1.190809] pci_hotplug: PCI Hot Plug PCI Core version: 0.5
[    1.192306] pciehp: PCI Express Hot Plug Controller Driver version: 0.4
[    1.194214] ACPI: AC Adapter [AC] (on-line)
[    1.195481] input: Power Button as /devices/LNXSYSTM:00/LNXPWRBN:00/input/input0
[    1.197611] ACPI: Power Button [PWRF]
[    1.198835] input: Sleep Button as /devices/LNXSYSTM:00/LNXSLPBN:00/input/input1
[    1.200971] ACPI: Sleep Button [SLPF]
[    1.203179] ACPI: Battery Slot [BAT0] (battery present)
[    1.204677] GHES: HEST is not enabled!
[    1.205953] Serial: 8250/16550 driver, 32 ports, IRQ sharing enabled
[    1.228868] 00:02: ttyS0 at I/O 0x3f8 (irq = 4, base_baud = 115200) is a 16550A
[    1.232726] Linux agpgart interface v0.103
[    1.236643] loop: module loaded
[    1.238553] scsi host0: ata_piix
[    1.239721] scsi host1: ata_piix
[    1.240752] ata1: PATA max UDMA/33 cmd 0x1f0 ctl 0x3f6 bmdma 0xd000 irq 14
[    1.242562] ata2: PATA max UDMA/33 cmd 0x170 ctl 0x376 bmdma 0xd008 irq 15
[    1.244433] libphy: Fixed MDIO Bus: probed
[    1.245731] tun: Universal TUN/TAP device driver, 1.6
[    1.247143] tun: (C) 1999-2004 Max Krasnyansky <maxk@qualcomm.com>
[    1.248827] PPP generic driver version 2.4.2
[    1.250164] ehci_hcd: USB 2.0 'Enhanced' Host Controller (EHCI) Driver
[    1.251905] ehci-pci: EHCI PCI platform driver
[    1.253265] ehci-platform: EHCI generic platform driver
[    1.254753] ohci_hcd: USB 1.1 'Open' Host Controller (OHCI) Driver
[    1.256416] ohci-pci: OHCI PCI platform driver
[    1.257673] ohci-platform: OHCI generic platform driver
[    1.259527] uhci_hcd: USB Universal Host Controller Interface driver
[    1.261747] i8042: PNP: PS/2 Controller [PNP0303:PS2K,PNP0f03:PS2M] at 0x60,0x64 irq 1,12
[    1.265454] serio: i8042 KBD port at 0x60,0x64 irq 1
[    1.267257] serio: i8042 AUX port at 0x60,0x64 irq 12
[    1.269209] mousedev: PS/2 mouse device common for all mice
[    1.271779] rtc_cmos rtc_cmos: rtc core: registered rtc_cmos as rtc0
[    1.274102] rtc_cmos rtc_cmos: alarms up to one day, 114 bytes nvram
[    1.276316] i2c /dev entries driver
[    1.277742] input: AT Translated Set 2 keyboard as /devices/platform/i8042/serio0/input/input2
[    1.281115] device-mapper: uevent: version 1.0.3
[    1.282925] device-mapper: ioctl: 4.34.0-ioctl (2015-10-28) initialised: dm-devel@redhat.com
[    1.285927] ledtrig-cpu: registered to indicate activity on CPUs
[    1.288662] NET: Registered protocol family 10
[    1.292042] NET: Registered protocol family 17
[    1.293999] Key type dns_resolver registered
[    1.295885] registered taskstats version 1
[    1.297443] Loading compiled-in X.509 certificates
[    1.300238] Loaded X.509 cert 'Build time autogenerated kernel key: 12717d7bded22cc9f4c9021cf049cb5c0a2cb7b0'
[    1.303705] zswap: loaded using pool lzo/zbud
[    1.311645] Key type trusted registered
[    1.323266] Key type encrypted registered
[    1.326008] AppArmor: AppArmor sha1 policy hashing enabled
[    1.329631] ima: No TPM chip found, activating TPM-bypass!
[    1.333241] ima: Allocated hash algorithm: sha1
[    1.336028] evm: HMAC attrs: 0x1
[    1.338282]   Magic number: 12:134:82
[    1.339554] rtc_cmos rtc_cmos: setting system clock to 2020-11-28 14:05:03 UTC (1606572303)
[    1.342165] BIOS EDD facility v0.16 2004-Jun-25, 0 devices found
[    1.343751] EDD information not available.
[    1.559885] Freeing unused kernel memory: 1492K
[    1.561381] Write protecting the kernel read-only data: 14336k
[    1.564422] Freeing unused kernel memory: 1588K
[    1.566535] Freeing unused kernel memory: 56K
Loading, please wait...
starting version 229
[    1.601803] random: systemd-udevd: uninitialized urandom read (16 bytes read, 2 bits of entropy available)
[    1.603440] random: udevadm: uninitialized urandom read (16 bytes read, 2 bits of entropy available)
[    1.603504] random: udevadm: uninitialized urandom read (16 bytes read, 2 bits of entropy available)
[    1.609799] random: systemd-udevd: uninitialized urandom read (16 bytes read, 2 bits of entropy available)
[    1.612533] random: systemd-udevd: uninitialized urandom read (16 bytes read, 2 bits of entropy available)
[    1.615259] random: systemd-udevd: uninitialized urandom read (16 bytes read, 2 bits of entropy available)
[    1.621887] random: systemd-udevd: uninitialized urandom read (16 bytes read, 2 bits of entropy available)
[    1.624597] random: systemd-udevd: uninitialized urandom read (16 bytes read, 2 bits of entropy available)
[    1.627385] random: systemd-udevd: uninitialized urandom read (16 bytes read, 2 bits of entropy available)
[    1.630188] random: udevadm: uninitialized urandom read (16 bytes read, 2 bits of entropy available)
[    1.699041] e1000: Intel(R) PRO/1000 Network Driver - version 7.3.21-k8-NAPI
[    1.700970] e1000: Copyright (c) 1999-2006 Intel Corporation.
[    1.714902] Fusion MPT base driver 3.04.20
[    1.716577] Copyright (c) 1999-2008 LSI Corporation
[    1.773447] Fusion MPT SPI Host driver 3.04.20
[    1.948311] input: ImExPS/2 Generic Explorer Mouse as /devices/platform/i8042/serio1/input/input4
[    2.161409] e1000 0000:00:03.0 eth0: (PCI:33MHz:32-bit) 02:52:c9:cb:9b:b8
[    2.163777] e1000 0000:00:03.0 eth0: Intel(R) PRO/1000 Network Connection
[    2.556022] e1000 0000:00:08.0 eth1: (PCI:33MHz:32-bit) 08:00:27:74:6f:3d
[    2.558651] e1000 0000:00:08.0 eth1: Intel(R) PRO/1000 Network Connection
[    2.563823] e1000 0000:00:08.0 enp0s8: renamed from eth1
[    2.567261] mptbase: ioc0: Initiating bringup
[    2.582733] e1000 0000:00:03.0 enp0s3: renamed from eth0
[    3.155061] ioc0: LSI53C1030 A0: Capabilities={Initiator}
[    5.536057] scsi host2: ioc0: LSI53C1030 A0, FwRev=00000000h, Ports=1, MaxQ=256, IRQ=20
[    7.163247] scsi 2:0:0:0: Direct-Access     VBOX     HARDDISK         1.0  PQ: 0 ANSI: 5
[    7.170409] scsi target2:0:0: Beginning Domain Validation
[    7.174193] scsi target2:0:0: Domain Validation skipping write tests
[    7.176581] scsi target2:0:0: Ending Domain Validation
[    7.178744] scsi target2:0:0: asynchronous
[    7.194609] scsi 2:0:1:0: Direct-Access     VBOX     HARDDISK         1.0  PQ: 0 ANSI: 5
[    7.196937] scsi target2:0:1: Beginning Domain Validation
[    7.199561] scsi target2:0:1: Domain Validation skipping write tests
[    7.201177] scsi target2:0:1: Ending Domain Validation
[    7.202629] scsi target2:0:1: asynchronous
[    7.212130] sd 2:0:0:0: Attached scsi generic sg0 type 0
[    7.213854] sd 2:0:0:0: [sda] 20971520 512-byte logical blocks: (10.7 GB/10.0 GiB)
[    7.216429] sd 2:0:1:0: Attached scsi generic sg1 type 0
[    7.218336] sd 2:0:1:0: [sdb] 20480 512-byte logical blocks: (10.5 MB/10.0 MiB)
[    7.220972] sd 2:0:0:0: [sda] Write Protect is off
[    7.223227] sd 2:0:1:0: [sdb] Write Protect is off
[    7.225548] sd 2:0:1:0: [sdb] Incomplete mode parameter data
[    7.227951] sd 2:0:1:0: [sdb] Assuming drive cache: write through
[    7.229853] sd 2:0:0:0: [sda] Incomplete mode parameter data
[    7.231852] sd 2:0:0:0: [sda] Assuming drive cache: write through
[    7.384781]  sda: sda1
[    7.387780] sd 2:0:1:0: [sdb] Attached SCSI disk
[    7.394181] sd 2:0:0:0: [sda] Attached SCSI disk
Begin: Loading essential drivers ... [    8.964293] md: linear personality registered for level -1
[    8.971342] md: multipath personality registered for level -4
[    8.977883] md: raid0 personality registered for level 0
[    8.986619] md: raid1 personality registered for level 1
[    9.077603] raid6: sse2x1   gen()  7103 MB/s
[    9.157682] raid6: sse2x1   xor()  5214 MB/s
[    9.226006] raid6: sse2x2   gen()  7195 MB/s
[    9.293888] raid6: sse2x2   xor()  5102 MB/s
[    9.373617] raid6: sse2x4   gen()  9720 MB/s
[    9.454076] raid6: sse2x4   xor()  7466 MB/s
[    9.455422] raid6: using algorithm sse2x4 gen() 9720 MB/s
[    9.456859] raid6: .... xor() 7466 MB/s, rmw enabled
[    9.458253] raid6: using ssse3x2 recovery algorithm
[    9.462845] xor: automatically using best checksumming function:
[    9.501890]    avx       : 13935.000 MB/sec
[    9.506327] async_tx: api initialized (async)
[    9.529867] md: raid6 personality registered for level 6
[    9.532097] md: raid5 personality registered for level 5
[    9.534218] md: raid4 personality registered for level 4
[    9.547671] md: raid10 personality registered for level 10
done.
Begin: Running /scripts/init-premount ... done.
Begin: Mounting root file system ... Begin: Running /scripts/local-top ... done.
Begin: Running /scripts/local-premount ... [    9.611114] Btrfs loaded
Scanning for Btrfs filesystems
done.
Warning: fsck not present, so skipping root file system
[    9.921081] EXT4-fs (sda1): mounted filesystem with ordered data mode. Opts: (null)
done.
Begin: Running /scripts/local-bottom ... done.
Begin: Running /scripts/init-bottom ... done.
[   10.721187] systemd[1]: systemd 229 running in system mode. (+PAM +AUDIT +SELINUX +IMA +APPARMOR +SMACK +SYSVINIT +UTMP +LIBCRYPTSETUP +GCRYPT +GNUTLS +ACL +XZ -LZ4 +SECCOMP +BLKID +ELFUTILS +KMOD -IDN)
[   10.727270] systemd[1]: Detected virtualization oracle.
[   10.728726] systemd[1]: Detected architecture x86-64.

Welcome to [1mUbuntu 16.04.7 LTS[0m!

[   10.750235] systemd[1]: Set hostname to <ubuntu-xenial>.
[   11.098906] random: nonblocking pool is initialized
[   11.708104] systemd[1]: Listening on LVM2 metadata daemon socket.
[[0;32m  OK  [0m] Listening on LVM2 metadata daemon socket.
[   11.714414] systemd[1]: Listening on udev Control Socket.
[[0;32m  OK  [0m] Listening on udev Control Socket.
[   11.718901] systemd[1]: Created slice System Slice.
[[0;32m  OK  [0m] Created slice System Slice.
[   11.722779] systemd[1]: Created slice system-serial\x2dgetty.slice.
[[0;32m  OK  [0m] Created slice system-serial\x2dgetty.slice.
[   11.726939] systemd[1]: Listening on /dev/initctl Compatibility Named Pipe.
[[0;32m  OK  [0m] Listening on /dev/initctl Compatibility Named Pipe.
[   11.731348] systemd[1]: Reached target Encrypted Volumes.
[[0;32m  OK  [0m] Reached target Encrypted Volumes.
[   11.734998] systemd[1]: Listening on LVM2 poll daemon socket.
[[0;32m  OK  [0m] Listening on LVM2 poll daemon socket.
[   11.738828] systemd[1]: Listening on udev Kernel Socket.
[[0;32m  OK  [0m] Listening on udev Kernel Socket.
[   11.742490] systemd[1]: Started Forward Password Requests to Wall Directory Watch.
[[0;32m  OK  [0m] Started Forward Password Requests to Wall Directory Watch.
[   11.747502] systemd[1]: Listening on Syslog Socket.
[[0;32m  OK  [0m] Listening on Syslog Socket.
[   11.750926] systemd[1]: Listening on Device-mapper event daemon FIFOs.
[[0;32m  OK  [0m] Listening on Device-mapper event daemon FIFOs.
[   11.755601] systemd[1]: Created slice User and Session Slice.
[[0;32m  OK  [0m] Created slice User and Session Slice.
[   11.759484] systemd[1]: Listening on Journal Socket.
[[0;32m  OK  [0m] Listening on Journal Socket.
[   11.774342] systemd[1]: Mounting Huge Pages File System...
         Mounting Huge Pages File System...
[   11.781505] systemd[1]: Starting Monitoring of LVM2 mirrors, snapshots etc. using dmeventd or progress polling...
         Starting Monitoring of LVM2 mirrors... dmeventd or progress polling...
[   11.789677] systemd[1]: Starting Create list of required static device nodes for the current kernel...
         Starting Create list of required st... nodes for the current kernel...
[   11.795369] systemd[1]: Starting Uncomplicated firewall...
         Starting Uncomplicated firewall...
[   11.799440] systemd[1]: Starting Set console keymap...
         Starting Set console keymap...
[   11.803356] systemd[1]: Starting Nameserver information manager...
         Starting Nameserver information manager...
[   11.907049] systemd[1]: Starting Load Kernel Modules...
         Starting Load Kernel Modules...
[   11.920636] systemd[1]: Starting Remount Root and Kernel File Systems...
         Starting Remount Root and Kernel File Systems...
[   11.926598] systemd[1]: Started Trigger resolvconf update for networkd DNS.
[[0;32m  OK  [0m] Started Trigger resolvconf update for networkd DNS.
[   11.930864] systemd[1]: Reached target System Time Synchronized.
[[0;32m  OK  [0m] Reached target System Time Synchronized.
[   11.934667] systemd[1]: Reached target Swap.
[[0;32m  OK  [0m] Reached target Swap.
[   11.941820] systemd[1]: Mounting Debug File System...
         Mounting Debug File System...
[   11.947631] systemd[1]: Mounting POSIX Message Queue File System...
         Mounting POSIX Message Queue File System...
[   11.953314] systemd[1]: Listening on Journal Socket (/dev/log).
[[0;32m  OK  [0m] Listening on Journal Socket (/dev/log).
[   11.956255] systemd[1]: Reached target Slices.
[[0;32m  OK  [0m] Reached target Slices.
[   11.958899] systemd[1]: Set up automount Arbitrary Executable File Formats File System Automount Point.
[[0;32m  OK  [0m] Set up automount Arbitrary Executab...ats File System Automount Point.
[   11.975340] systemd[1]: Listening on Journal Audit Socket.
[[0;32m  OK  [0m] Listening on Journal Audit Socket.
[   11.996034] systemd[1]: Starting Journal Service...
         Starting Journal Service...
[   12.006531] systemd[1]: Reached target User and Group Name Lookups.
[[0;32m  OK  [0m] Reached target User and Group Name Lookups.
[   12.018213] systemd[1]: Started Create list of required static device nodes for the current kernel.
[[0;32m  OK  [0m] Started Create list of required sta...ce nodes for the current kernel.
[   12.026071] systemd[1]: Started Uncomplicated firewall.
[[0;32m  OK  [0m] Started Uncomplicated firewall.
[   12.032131] systemd[1]: Starting Create Static Device Nodes in /dev...
         Starting Create Static Device Nodes in /dev...
[   12.098145] Loading iSCSI transport class v2.0-870.
[   12.168235] systemd[1]: Mounted POSIX Message Queue File System.

   12.172331] EXT4-fs (sda1): re-mounted. Opts: (null)
[[0;32m  OK  [0m] Mounted POSIX Message Queue File System.
[   12.178582] systemd[1]: Mounted Debug File System.
[[0;32m  OK  [0m] Mounted Debug File System.
[   12.182403] systemd[1]: Mounted Huge Pages File System.
[[0;32m  OK  [0m] Mounted Huge Pages File System.
[   12.187278] iscsi: registered transport (tcp)
[   12.199708] systemd[1]: Started Remount Root and Kernel File Systems.
[[0;32m  OK  [0m] Started Remount Root and Kernel File Systems.
[   12.209486] systemd[1]: Starting Load/Save Random Seed...
         Starting Load/Save Random Seed...
[   12.225007] systemd[1]: Starting udev Coldplug all Devices...
         Starting udev Coldplug all Devices...
[   12.281549] systemd[1]: Started Load/Save Random Seed.
[[0;32m  OK  [0m] Started Load/Save Random Seed.
[   12.338232] systemd[1]: Started Nameserver information manager.
[[0;32m  OK  [0m] Started Nameserver information manager.
[   12.371444] systemd[1]: Started Journal Service.
[[0;32m  OK  [0m] Started Journal Service.
         Starting Flush Journal to Persistent Storage...
[[0;32m  OK  [0m] Started LVM2 metadata daemon.
[   12.442177] iscsi: registered transport (iser)
[[0;32m  OK  [0m] Started Load Kernel Modules.
         Mounting FUSE Control File System...
         Starting Apply Kernel Variables...
[[0;32m  OK  [0m] Mounted FUSE Control File System.
[   12.518485] systemd-journald[380]: Received request to flush runtime journal from PID 1
[[0;32m  OK  [0m] Started udev Coldplug all Devices.
[[0;32m  OK  [0m] Started Flush Journal to Persistent Storage.
[[0;32m  OK  [0m] Started Set console keymap.
[[0;32m  OK  [0m] Started Apply Kernel Variables.
[[0;32m  OK  [0m] Started Create Static Device Nodes in /dev.
         Starting udev Kernel Device Manager...
[[0;32m  OK  [0m] Started Monitoring of LVM2 mirrors,...ng dmeventd or progress polling.
[[0;32m  OK  [0m] Reached target Local File Systems (Pre).
[[0;32m  OK  [0m] Reached target Local File Systems.
         Starting Create Volatile Files and Directories...
         Starting Set console font and keymap...
         Starting LSB: AppArmor initialization...
         Starting Tell Plymouth To Write Out Runtime Data...
         Starting Initial cloud-init job (pre-networking)...
[[0;32m  OK  [0m] Started Tell Plymouth To Write Out Runtime Data.
[[0;32m  OK  [0m] Started udev Kernel Device Manager.
[[0;32m  OK  [0m] Started Dispatch Password Requests to Console Directory Watch.
[[0;32m  OK  [0m] Started Create Volatile Files and Directories.
         Starting Update UTMP about System Boot/Shutdown...
[[0;32m  OK  [0m] Started Update UTMP about System Boot/Shutdown.
[[0;32m  OK  [0m] Found device /dev/ttyS0.
[[0;32m  OK  [0m] Listening on Load/Save RF Kill Switch Status /dev/rfkill Watch.
[[0;32m  OK  [0m] Found device 82540EM Gigabit Ethern...r (PRO/1000 MT Desktop Adapter).
[[0;32m  OK  [0m] Found device 82540EM Gigabit Ethern...r (PRO/1000 MT Desktop Adapter).
[[0;32m  OK  [0m] Started Set console font and keymap.
[[0;32m  OK  [0m] Created slice system-getty.slice.
[[0;32m  OK  [0m] Started LSB: AppArmor initialization.
         Starting Load AppArmor profiles managed internally by snapd...
[[0;32m  OK  [0m] Started Load AppArmor profiles managed internally by snapd.
[   18.529033] cloud-init[465]: Cloud-init v. 20.3-2-g371b392c-0ubuntu1~16.04.1 running 'init-local' at Sat, 28 Nov 2020 14:05:19 +0000. Up 17.48 seconds.
[[0;32m  OK  [0m] Started Initial cloud-init job (pre-networking).
[[0;32m  OK  [0m] Reached target Network (Pre).
         Starting Raise network interfaces...
[[0;32m  OK  [0m] Started ifup for enp0s3.
[[0;32m  OK  [0m] Started ifup for enp0s8.
[[0;32m  OK  [0m] Started Raise network interfaces.
         Starting Initial cloud-init job (metadata service crawler)...
[[0;32m  OK  [0m] Reached target Network.
[   20.526377] cloud-init[1070]: Cloud-init v. 20.3-2-g371b392c-0ubuntu1~16.04.1 running 'init' at Sat, 28 Nov 2020 14:05:22 +0000. Up 19.60 seconds.
[   20.529712] cloud-init[1070]: ci-info: ++++++++++++++++++++++++++++++++++++++Net device info+++++++++++++++++++++++++++++++++++++++
[   20.532719] cloud-init[1070]: ci-info: +--------+------+-----------------------------+---------------+--------+-------------------+
[   20.535378] cloud-init[1070]: ci-info: | Device |  Up  |           Address           |      Mask     | Scope  |     Hw-Address    |
[   20.537634] cloud-init[1070]: ci-info: +--------+------+-----------------------------+---------------+--------+-------------------+
[   20.545090] cloud-init[1070]: ci-info: | enp0s3 | True |          10.0.2.15          | 255.255.255.0 | global | 02:52:c9:cb:9b:b8 |
[   20.547336] cloud-init[1070]: ci-info: | enp0s3 | True |  fe80::52:c9ff:fecb:9bb8/64 |       .       |  link  | 02:52:c9:cb:9b:b8 |
[   20.549549] cloud-init[1070]: ci-info: | enp0s8 | True |        192.168.33.10        | 255.255.255.0 | global | 08:00:27:74:6f:3d |
[   20.551762] cloud-init[1070]: ci-info: | enp0s8 | True | fe80::a00:27ff:fe74:6f3d/64 |       .       |  link  | 08:00:27:74:6f:3d |
[   20.554019] cloud-init[1070]: ci-info: |   lo   | True |          127.0.0.1          |   255.0.0.0   |  host  |         .         |
[   20.556459] cloud-init[1070]: ci-info: |   lo   | True |           ::1/128           |       .       |  host  |         .         |
[   20.560496] cloud-init[1070]: ci-info: +--------+------+-----------------------------+---------------+--------+-------------------+
[   20.562711] cloud-init[1070]: ci-info: ++++++++++++++++++++++++++++Route IPv4 info++++++++++++++++++++++++++++
[   20.564671] cloud-init[1070]: ci-info: +-------+--------------+----------+---------------+-----------+-------+
[   20.568680] cloud-init[1070]: ci-info: | Route | Destination  | Gateway  |    Genmask    | Interface | Flags |
[   20.588986] cloud-init[1070]: ci-info: +-------+--------------+----------+---------------+-----------+-------+
[   20.591085] cloud-init[1070]: ci-info: |   0   |   0.0.0.0    | 10.0.2.2 |    0.0.0.0    |   enp0s3  |   UG  |
[   20.593124] cloud-init[1070]: ci-info: |   1   |   10.0.2.0   | 0.0.0.0  | 255.255.255.0 |   enp0s3  |   U   |
[   20.595006] cloud-init[1070]: ci-info: |   2   | 192.168.33.0 | 0.0.0.0  | 255.255.255.0 |   enp0s8  |   U   |
[   20.596944] cloud-init[1070]: ci-info: +-------+--------------+----------+---------------+-----------+-------+
[   20.598674] cloud-init[1070]: ci-info: +++++++++++++++++++Route IPv6 info+++++++++++++++++++
[   20.600603] cloud-init[1070]: ci-info: +-------+-------------+---------+-----------+-------+
[   20.603035] cloud-init[1070]: ci-info: | Route | Destination | Gateway | Interface | Flags |
[   20.620767] cloud-init[1070]: ci-info: +-------+-------------+---------+-----------+-------+
[   20.623533] cloud-init[1070]: ci-info: |   0   |  fe80::/64  |    ::   |   enp0s8  |   U   |
[   20.625960] cloud-init[1070]: ci-info: |   1   |  fe80::/64  |    ::   |   enp0s3  |   U   |
[   20.644848] cloud-init[1070]: ci-info: |   4   |   ff00::/8  |    ::   |   enp0s8  |   U   |
[   20.647117] cloud-init[1070]: ci-info: |   5   |   ff00::/8  |    ::   |   enp0s3  |   U   |[[0;32m  OK  [0m] Started Initial cloud-init job (metadata service crawler).
[[0;32m  OK  [0m] Reached target System Initialization.

[   20.652700] cloud-init[1070]: ci-info: +-------+-------------+---------+-----------+-------+
[[0;32m  OK  [0m] Started Message of the Day.
[[0;32m  OK  [0m] Started Daily Cleanup of Temporary Directories.
         Starting Socket activation for snappy daemon.
[[0;32m  OK  [0m] Listening on ACPID Listen Socket.
[[0;32m  OK  [0m] Listening on UUID daemon activation socket.
[[0;32m  OK  [0m] Listening on D-Bus System Message Bus Socket.
[[0;32m  OK  [0m] Started ACPI Events Check.
[[0;32m  OK  [0m] Reached target Paths.
[[0;32m  OK  [0m] Started Daily apt download activities.
[[0;32m  OK  [0m] Started Daily apt upgrade and clean activities.
[[0;32m  OK  [0m] Reached target Timers.
         Starting LXD - unix socket.
[[0;32m  OK  [0m] Reached target Cloud-config availability.
[[0;32m  OK  [0m] Reached target Network is Online.
         Starting iSCSI initiator daemon (iscsid)...
[[0;32m  OK  [0m] Listening on Socket activation for snappy daemon.
[[0;32m  OK  [0m] Listening on LXD - unix socket.
[[0;32m  OK  [0m] Reached target Sockets.
[[0;32m  OK  [0m] Reached target Basic System.
         Starting LXD - container startup/shutdown...
[[0;32m  OK  [0m] Started Deferred execution scheduler.
         Starting Accounts Service...
         Starting /etc/rc.local Compatibility...
[[0;32m  OK  [0m] Started D-Bus System Message Bus.
         Starting LSB: Record successful boot for GRUB...
         Starting Login Service...
         Starting Virtualbox guest utils...
[[0;32m  OK  [0m] Started Regular background program processing daemon.
         Starting System Logging Service...
[[0;32m  OK  [0m] Started FUSE filesystem for LXC.
         Starting LSB: MD monitoring daemon...
[[0;32m  OK  [0m] Started ACPI event daemon.
         Starting OpenBSD Secure Shell server...
         Starting Snap Daemon...
[[0;32m  OK  [0m] Started /etc/rc.local Compatibility.
         Starting Authenticate and Authorize Users to Run Privileged Tasks...
[[0;32m  OK  [0m] Started iSCSI initiator daemon (iscsid).
         Starting Login to default iSCSI targets...
[[0;32m  OK  [0m] Started Login Service.
[[0;32m  OK  [0m] Started Unattended Upgrades Shutdown.
[[0;32m  OK  [0m] Started LSB: Record successful boot for GRUB.
[[0;32m  OK  [0m] Started LSB: MD monitoring daemon.
[[0;32m  OK  [0m] Started Login to default iSCSI targets.
[[0;32m  OK  [0m] Reached target Remote File Systems (Pre).
[[0;32m  OK  [0m] Reached target Remote File Systems.
         Starting LSB: automatic crash report generation...
         Starting LSB: Set the CPU Frequency Scaling governor to "ondemand"...
         Starting LSB: daemon to balance interrupts for SMP systems...
         Starting Permit User Sessions...
[[0;32m  OK  [0m] Started System Logging Service.
[[0;32m  OK  [0m] Started LSB: Set the CPU Frequency Scaling governor to "ondemand".
[[0;32m  OK  [0m] Started Permit User Sessions.
         Starting Hold until boot process finishes up...
         Starting Terminate Plymouth Boot Screen...
[[0;32m  OK  [0m] Started Hold until boot process finishes up.
         Starting Set console scheme...
[[0;32m  OK  [0m] Started Serial Getty on ttyS0.
[[0;32m  OK  [0m] Started Getty on tty1.
[[0;32m  OK  [0m] Reached target Login Prompts.
[[0;32m  OK  [0m] Started Terminate Plymouth Boot Screen.
[[0;32m  OK  [0m] Started LSB: daemon to balance interrupts for SMP systems.
[[0;32m  OK  [0m] Started Authenticate and Authorize Users to Run Privileged Tasks.
[[0;32m  OK  [0m] Started Accounts Service.
[[0;1;31mFAILED[0m] Failed to start OpenBSD Secure Shell server.
See 'systemctl status ssh.service' for details.
[[0;32m  OK  [0m] Started LSB: automatic crash report generation.
[[0;32m  OK  [0m] Started Set console scheme.
[[0;32m  OK  [0m] Stopped OpenBSD Secure Shell server.
         Starting OpenBSD Secure Shell server...
[[0;1;31mFAILED[0m] Failed to start OpenBSD Secure Shell server.
See 'systemctl status ssh.service' for details.
[[0;32m  OK  [0m] Started Virtualbox guest utils.
[[0;32m  OK  [0m] Stopped OpenBSD Secure Shell server.
         Starting OpenBSD Secure Shell server...
[[0;1;31mFAILED[0m] Failed to start OpenBSD Secure Shell server.
See 'systemctl status ssh.service' for details.
[[0;32m  OK  [0m] Stopped OpenBSD Secure Shell server.
         Starting OpenBSD Secure Shell server...
[[0;1;31mFAILED[0m] Failed to start OpenBSD Secure Shell server.
See 'systemctl status ssh.service' for details.
[[0;32m  OK  [0m] Stopped OpenBSD Secure Shell server.
         Starting OpenBSD Secure Shell server...
[[0;1;31mFAILED[0m] Failed to start OpenBSD Secure Shell server.
See 'systemctl status ssh.service' for details.
[[0;32m  OK  [0m] Stopped OpenBSD Secure Shell server.
[[0;1;31mFAILED[0m] Failed to start OpenBSD Secure Shell server.
See 'systemctl status ssh.service' for details.
[[0;32m  OK  [0m] Started LXD - container startup/shutdown.
[[0;32m  OK  [0m] Started Snap Daemon.
         Starting Wait until snapd is fully seeded...
[[0;32m  OK  [0m] Started Wait until snapd is fully seeded.
         Starting Apply the settings specified in cloud-config...
[[0;32m  OK  [0m] Reached target Multi-User System.
[[0;32m  OK  [0m] Reached target Graphical Interface.
         Starting Update UTMP about System Runlevel Changes...
[[0;32m  OK  [0m] Started Update UTMP about System Runlevel Changes.
[   25.586827] cloud-init[1352]: Cloud-init v. 20.3-2-g371b392c-0ubuntu1~16.04.1 running 'modules:config' at Sat, 28 Nov 2020 14:05:27 +0000. Up 25.38 seconds.
[[0;32m  OK  [0m] Started Apply the settings specified in cloud-config.
         Starting Execute cloud user/final scripts...
[   26.594503] cloud-init[1365]: Cloud-init v. 20.3-2-g371b392c-0ubuntu1~16.04.1 running 'modules:final' at Sat, 28 Nov 2020 14:05:28 +0000. Up 26.16 seconds.
[   26.598226] cloud-init[1365]: Cloud-init v. 20.3-2-g371b392c-0ubuntu1~16.04.1 finished at Sat, 28 Nov 2020 14:05:29 +0000. Datasource DataSourceNoCloud [seed=/dev/sdb][dsmode=net].  Up 26.58 seconds
[[0;32m  OK  [0m] Started Execute cloud user/final scripts.
[[0;32m  OK  [0m] Reached target Cloud-init target.

Ubuntu 16.04.7 LTS ubuntu-xenial ttyS0

ubuntu-xenial login: 